Build started 16/07/2015 13:22:29.
     1>Project "C:\Users\ab8809\Downloads\OpenGL\ExperimenterSource\Chapter11\Spotlight\Spotlight.vcxproj" on node 2 (Build target(s)).
     1>ClCompile:
         C:\Program Files (x86)\Microsoft Visual Studio 12.0\VC\bin\CL.exe /c /I"..\..\..\glew-1.10.0\include\\" /I"..\..\..\freeglut-MSVC-2.8.1-1.mp\include" /ZI /nologo /W3 /WX- /Od /Oy- /D WIN32 /D _DEBUG /D _CONSOLE /D _UNICODE /D UNICODE /Gm /EHsc /RTC1 /MDd /GS /fp:precise /Zc:wchar_t /Zc:forScope /Fo"Debug\\" /Fd"Debug\vc120.pdb" /Gd /TP /analyze- /errorReport:prompt spotlight.cpp
         spotlight.cpp
     1>c:\users\ab8809\downloads\opengl\experimentersource\chapter11\spotlight\spotlight.cpp(56): warning C4996: 'sprintf': This function or variable may be unsafe. Consider using sprintf_s instead. To disable deprecation, use _CRT_SECURE_NO_WARNINGS. See online help for details.
                 c:\program files (x86)\microsoft visual studio 12.0\vc\include\stdio.h(356) : see declaration of 'sprintf'
     1>c:\users\ab8809\downloads\opengl\experimentersource\chapter11\spotlight\spotlight.cpp(72): warning C4305: 'initializing' : truncation from 'double' to 'float'
     1>c:\users\ab8809\downloads\opengl\experimentersource\chapter11\spotlight\spotlight.cpp(144): warning C4244: 'argument' : conversion from 'double' to 'GLfloat', possible loss of data
     1>c:\users\ab8809\downloads\opengl\experimentersource\chapter11\spotlight\spotlight.cpp(151): warning C4244: 'argument' : conversion from 'double' to 'GLint', possible loss of data
     1>c:\users\ab8809\downloads\opengl\experimentersource\chapter11\spotlight\spotlight.cpp(178): warning C4305: '-=' : truncation from 'double' to 'float'
     1>c:\users\ab8809\downloads\opengl\experimentersource\chapter11\spotlight\spotlight.cpp(182): warning C4305: '+=' : truncation from 'double' to 'float'
     1>c:\users\ab8809\downloads\opengl\experimentersource\chapter11\spotlight\spotlight.cpp(203): warning C4305: '-=' : truncation from 'double' to 'float'
     1>c:\users\ab8809\downloads\opengl\experimentersource\chapter11\spotlight\spotlight.cpp(207): warning C4305: '+=' : truncation from 'double' to 'float'
     1>c:\users\ab8809\downloads\opengl\experimentersource\chapter11\spotlight\spotlight.cpp(211): warning C4305: '-=' : truncation from 'double' to 'float'
     1>c:\users\ab8809\downloads\opengl\experimentersource\chapter11\spotlight\spotlight.cpp(215): warning C4305: '+=' : truncation from 'double' to 'float'
       Link:
         C:\Program Files (x86)\Microsoft Visual Studio 12.0\VC\bin\link.exe /ERRORREPORT:PROMPT /OUT:"C:\Users\ab8809\Downloads\OpenGL\ExperimenterSource\Chapter11\Spotlight\Debug\Spotlight.exe" /INCREMENTAL /NOLOGO /LIBPATH:"..\..\..\freeglut-MSVC-2.8.1-1.mp\lib" /LIBPATH:"..\..\..\glew-1.10.0\lib\Release\Win32" kernel32.lib user32.lib gdi32.lib winspool.lib comdlg32.lib advapi32.lib shell32.lib ole32.lib oleaut32.lib uuid.lib odbc32.lib odbccp32.lib /MANIFEST /MANIFESTUAC:"level='asInvoker' uiAccess='false'" /manifest:embed /DEBUG /PDB:"C:\Users\ab8809\Downloads\OpenGL\ExperimenterSource\Chapter11\Spotlight\Debug\Spotlight.pdb" /SUBSYSTEM:CONSOLE /TLBID:1 /DYNAMICBASE /NXCOMPAT /IMPLIB:"C:\Users\ab8809\Downloads\OpenGL\ExperimenterSource\Chapter11\Spotlight\Debug\Spotlight.lib" /MACHINE:X86 Debug\spotlight.obj
         Spotlight.vcxproj -> C:\Users\ab8809\Downloads\OpenGL\ExperimenterSource\Chapter11\Spotlight\Debug\Spotlight.exe
     1>Done Building Project "C:\Users\ab8809\Downloads\OpenGL\ExperimenterSource\Chapter11\Spotlight\Spotlight.vcxproj" (Build target(s)).

Build succeeded.

Time Elapsed 00:00:01.23
